<?xml version="1.0" encoding="UTF-8"?>
<!-- Generated by org.testng.reporters.JUnitXMLReporter -->
<testsuite ignored="0" hostname="DESKTOP-57EUCTP" failures="0" tests="3" name="Default test" time="29.971" errors="0" timestamp="2023-10-24T12:39:20 EEST">
  <testcase classname="ClassTest" name="LoginWithPerformanceUser" time="12.957"/>
  <testcase classname="ClassTest" name="LoginWithProblemUser" time="3.517"/>
  <testcase classname="ClassTest" name="LoginWithStandardUSer" time="3.435"/>
</testsuite> <!-- Default test -->
