<?xml version="1.0" encoding="UTF-8"?>
<testng-results ignored="0" total="3" passed="3" failed="0" skipped="0">
  <reporter-output>
  </reporter-output>
  <suite started-at="2023-10-24T12:38:46 EEST" name="Default suite" finished-at="2023-10-24T12:39:16 EEST" duration-ms="29971">
    <groups>
    </groups>
    <test started-at="2023-10-24T12:38:46 EEST" name="Default test" finished-at="2023-10-24T12:39:16 EEST" duration-ms="29971">
      <class name="ClassTest">
        <test-method is-config="true" signature="mySetup()[pri:0, instance:ClassTest@f713686]" started-at="2023-10-24T12:38:46 EEST" name="mySetup" finished-at="2023-10-24T12:38:56 EEST" duration-ms="9405" status="PASS">
          <reporter-output>
          </reporter-output>
        </test-method> <!-- mySetup -->
        <test-method signature="LoginWithPerformanceUser()[pri:0, instance:ClassTest@f713686]" started-at="2023-10-24T12:38:56 EEST" name="LoginWithPerformanceUser" finished-at="2023-10-24T12:39:09 EEST" duration-ms="12957" status="PASS">
          <reporter-output>
          </reporter-output>
        </test-method> <!-- LoginWithPerformanceUser -->
        <test-method is-config="true" signature="mySetup()[pri:0, instance:ClassTest@f713686]" started-at="2023-10-24T12:39:09 EEST" name="mySetup" finished-at="2023-10-24T12:39:09 EEST" duration-ms="361" status="PASS">
          <reporter-output>
          </reporter-output>
        </test-method> <!-- mySetup -->
        <test-method signature="LoginWithProblemUser()[pri:0, instance:ClassTest@f713686]" started-at="2023-10-24T12:39:09 EEST" name="LoginWithProblemUser" finished-at="2023-10-24T12:39:13 EEST" duration-ms="3517" status="PASS">
          <reporter-output>
          </reporter-output>
        </test-method> <!-- LoginWithProblemUser -->
        <test-method is-config="true" signature="mySetup()[pri:0, instance:ClassTest@f713686]" started-at="2023-10-24T12:39:13 EEST" name="mySetup" finished-at="2023-10-24T12:39:13 EEST" duration-ms="155" status="PASS">
          <reporter-output>
          </reporter-output>
        </test-method> <!-- mySetup -->
        <test-method signature="LoginWithStandardUSer()[pri:0, instance:ClassTest@f713686]" started-at="2023-10-24T12:39:13 EEST" name="LoginWithStandardUSer" finished-at="2023-10-24T12:39:16 EEST" duration-ms="3435" status="PASS">
          <reporter-output>
          </reporter-output>
        </test-method> <!-- LoginWithStandardUSer -->
        <test-method is-config="true" signature="AfterTest()[pri:0, instance:ClassTest@f713686]" started-at="2023-10-24T12:39:16 EEST" name="AfterTest" finished-at="2023-10-24T12:39:16 EEST" duration-ms="1" status="PASS">
          <reporter-output>
          </reporter-output>
        </test-method> <!-- AfterTest -->
      </class> <!-- ClassTest -->
    </test> <!-- Default test -->
  </suite> <!-- Default suite -->
</testng-results>
